#
# A fatal error has been detected by the Java Runtime Environment:
#
#  EXCEPTION_ACCESS_VIOLATION (0xc0000005) at pc=0x7a446060, pid=15460, tid=0x00003dcc
#
# JRE version: Java(TM) SE Runtime Environment (8.0_191-b12) (build 1.8.0_191-b12)
# Java VM: Java HotSpot(TM) Client VM (25.191-b12 mixed mode, sharing windows-x86 )
# Problematic frame:
# C  [nvoglv32.dll+0xc86060]
#
# Failed to write core dump. Minidumps are not enabled by default on client versions of Windows
#
# If you would like to submit a bug report, please visit:
#   http://bugreport.java.com/bugreport/crash.jsp
# The crash happened outside the Java Virtual Machine in native code.
# See problematic frame for where to report the bug.
#

---------------  T H R E A D  ---------------

Current thread (0x0240e400):  JavaThread "main" [_thread_in_native, id=15820, stack(0x02370000,0x023c0000)]

siginfo: ExceptionCode=0xc0000005, reading address 0x00000000

Registers:
EAX=0x00000060, EBX=0x00000006, ECX=0x00000060, EDX=0x00000003
ESP=0x023bf798, EBP=0x023bf7d0, ESI=0x00000000, EDI=0x1e921d04
EIP=0x7a446060, EFLAGS=0x00010206

Top of Stack: (sp=0x023bf798)
0x023bf798:   00000033 1e921d04 7a029de8 1e921d04
0x023bf7a8:   00000000 00000060 0003810b 16519e3c
0x023bf7b8:   16518040 0000025b 00000001 00000002
0x023bf7c8:   00000006 00000000 023bf7fc 7a02aa3c
0x023bf7d8:   1e921d04 16519e3c 00000000 00000006
0x023bf7e8:   0240e400 16518040 151c3d58 00000000
0x023bf7f8:   00000002 023bf818 798b83d7 00518040
0x023bf808:   00000004 00000000 00000006 151c3d58 

Instructions: (pc=0x7a446060)
0x7a446040:   80 00 00 00 8d bf 80 00 00 00 4a 75 a3 85 c9 74
0x7a446050:   5f 8b d1 c1 ea 05 85 d2 74 21 8d 9b 00 00 00 00
0x7a446060:   f3 0f 6f 06 f3 0f 6f 4e 10 f3 0f 7f 07 f3 0f 7f
0x7a446070:   4f 10 8d 76 20 8d 7f 20 4a 75 e5 83 e1 1f 74 30 


Register to memory mapping:

EAX=0x00000060 is an unknown value
EBX=0x00000006 is an unknown value
ECX=0x00000060 is an unknown value
EDX=0x00000003 is an unknown value
ESP=0x023bf798 is pointing into the stack for thread: 0x0240e400
EBP=0x023bf7d0 is pointing into the stack for thread: 0x0240e400
ESI=0x00000000 is an unknown value
EDI=0x1e921d04 is an unknown value


Stack: [0x02370000,0x023c0000],  sp=0x023bf798,  free space=317k
Native frames: (J=compiled Java code, j=interpreted, Vv=VM code, C=native code)
C  [nvoglv32.dll+0xc86060]
C  [nvoglv32.dll+0x86aa3c]
C  [nvoglv32.dll+0xf83d7]
C  [lwjgl.dll+0x9c03]
j  org.lwjgl.opengl.GL11.glDrawArrays(III)V+20
j  engine.renerer.Renderer.render(LEngine/renerer/RawModel;)V+20
j  demo.MainGameLoop.main([Ljava/lang/String;)V+140
v  ~StubRoutines::call_stub
V  [jvm.dll+0x15c315]
V  [jvm.dll+0x223ece]
V  [jvm.dll+0x15c3ae]
V  [jvm.dll+0xddb27]
V  [jvm.dll+0xe60bf]
C  [java.exe+0x2363]
C  [java.exe+0xb03f]
C  [java.exe+0xb0c9]
C  [KERNEL32.DLL+0x16359]
C  [ntdll.dll+0x67a94]
C  [ntdll.dll+0x67a64]
C  0x00000000

Java frames: (J=compiled Java code, j=interpreted, Vv=VM code)
j  org.lwjgl.opengl.GL11.nglDrawArrays(IIIJ)V+0
j  org.lwjgl.opengl.GL11.glDrawArrays(III)V+20
j  engine.renerer.Renderer.render(LEngine/renerer/RawModel;)V+20
j  demo.MainGameLoop.main([Ljava/lang/String;)V+140
v  ~StubRoutines::call_stub

---------------  P R O C E S S  ---------------

Java Threads: ( => current thread )
  0x15d10c00 JavaThread "Service Thread" daemon [_thread_blocked, id=18132, stack(0x15f30000,0x15f80000)]
  0x02696400 JavaThread "C1 CompilerThread0" daemon [_thread_blocked, id=1672, stack(0x15ca0000,0x15cf0000)]
  0x02696000 JavaThread "Monitor Ctrl-Break" daemon [_thread_in_native, id=16736, stack(0x15c10000,0x15c60000)]
  0x02638400 JavaThread "Attach Listener" daemon [_thread_blocked, id=14816, stack(0x15b80000,0x15bd0000)]
  0x02634800 JavaThread "Signal Dispatcher" daemon [_thread_blocked, id=9696, stack(0x15af0000,0x15b40000)]
  0x02627800 JavaThread "Finalizer" daemon [_thread_blocked, id=16296, stack(0x15370000,0x153c0000)]
  0x025c9800 JavaThread "Reference Handler" daemon [_thread_blocked, id=11056, stack(0x14840000,0x14890000)]
=>0x0240e400 JavaThread "main" [_thread_in_native, id=15820, stack(0x02370000,0x023c0000)]

Other Threads:
  0x025c7000 VMThread [stack: 0x04790000,0x047e0000] [id=14464]
  0x0269ec00 WatcherThread [stack: 0x15fc0000,0x16010000] [id=19016]

VM state:not at safepoint (normal execution)

VM Mutex/Monitor currently owned by a thread: None

Heap:
 def new generation   total 4928K, used 1084K [0x04800000, 0x04d50000, 0x09d50000)
  eden space 4416K,  12% used [0x04800000, 0x0488f3e8, 0x04c50000)
  from space 512K, 100% used [0x04cd0000, 0x04d50000, 0x04d50000)
  to   space 512K,   0% used [0x04c50000, 0x04c50000, 0x04cd0000)
 tenured generation   total 10944K, used 621K [0x09d50000, 0x0a800000, 0x14800000)
   the space 10944K,   5% used [0x09d50000, 0x09deb528, 0x09deb600, 0x0a800000)
 Metaspace       used 921K, capacity 2997K, committed 3008K, reserved 4480K

Card table byte_map: [0x046a0000,0x04730000] byte_map_base: 0x0467c000

Polling page: 0x00ca0000

CodeCache: size=32768Kb used=797Kb max_used=797Kb free=31970Kb
 bounds [0x026a0000, 0x02768000, 0x046a0000]
 total_blobs=290 nmethods=74 adapters=147
 compilation: enabled

Compilation events (10 events):
Event: 0.571 Thread 0x02696400   70             java.nio.charset.Charset::atBugLevel (44 bytes)
Event: 0.572 Thread 0x02696400 nmethod 70 0x02765a48 code [0x02765b60, 0x02765ce8]
Event: 0.573 Thread 0x02696400   71             java.nio.CharBuffer::<init> (22 bytes)
Event: 0.573 Thread 0x02696400 nmethod 71 0x02765dc8 code [0x02765ec0, 0x02765f8c]
Event: 0.672 Thread 0x02696400   72             java.util.concurrent.atomic.AtomicLong::addAndGet (14 bytes)
Event: 0.672 Thread 0x02696400 nmethod 72 0x02766008 code [0x02766100, 0x02766200]
Event: 0.673 Thread 0x02696400   73             java.net.URL::getHost (5 bytes)
Event: 0.673 Thread 0x02696400 nmethod 73 0x02766288 code [0x02766380, 0x02766400]
Event: 0.679 Thread 0x02696400   74             java.util.HashMap::getNode (148 bytes)
Event: 0.680 Thread 0x02696400 nmethod 74 0x02767108 code [0x02767240, 0x02767474]

GC Heap History (2 events):
Event: 0.554 GC heap before
{Heap before GC invocations=0 (full 0):
 def new generation   total 4928K, used 4416K [0x04800000, 0x04d50000, 0x09d50000)
  eden space 4416K, 100% used [0x04800000, 0x04c50000, 0x04c50000)
  from space 512K,   0% used [0x04c50000, 0x04c50000, 0x04cd0000)
  to   space 512K,   0% used [0x04cd0000, 0x04cd0000, 0x04d50000)
 tenured generation   total 10944K, used 0K [0x09d50000, 0x0a800000, 0x14800000)
   the space 10944K,   0% used [0x09d50000, 0x09d50000, 0x09d50200, 0x0a800000)
 Metaspace       used 788K, capacity 2901K, committed 3008K, reserved 4480K
Event: 0.557 GC heap after
Heap after GC invocations=1 (full 0):
 def new generation   total 4928K, used 512K [0x04800000, 0x04d50000, 0x09d50000)
  eden space 4416K,   0% used [0x04800000, 0x04800000, 0x04c50000)
  from space 512K, 100% used [0x04cd0000, 0x04d50000, 0x04d50000)
  to   space 512K,   0% used [0x04c50000, 0x04c50000, 0x04cd0000)
 tenured generation   total 10944K, used 621K [0x09d50000, 0x0a800000, 0x14800000)
   the space 10944K,   5% used [0x09d50000, 0x09deb528, 0x09deb600, 0x0a800000)
 Metaspace       used 788K, capacity 2901K, committed 3008K, reserved 4480K
}

Deoptimization events (0 events):
No events

Classes redefined (0 events):
No events

Internal exceptions (2 events):
Event: 0.017 Thread 0x0240e400 Exception <a 'java/lang/NoSuchMethodError': Method sun.misc.Unsafe.defineClass(Ljava/lang/String;[BII)Ljava/lang/Class; name or signature does not match> (0x048079d0) thrown at [C:\workspace\8-2-build-windows-i586-cygwin\jdk8u191\11896\hotspot\src\share\v
Event: 0.017 Thread 0x0240e400 Exception <a 'java/lang/NoSuchMethodError': Method sun.misc.Unsafe.prefetchRead(Ljava/lang/Object;J)V name or signature does not match> (0x04807ca0) thrown at [C:\workspace\8-2-build-windows-i586-cygwin\jdk8u191\11896\hotspot\src\share\vm\prims\jni.cpp, l

Events (10 events):
Event: 0.673 loading class org/lwjgl/opengl/StateTracker$VAOState
Event: 0.673 loading class org/lwjgl/opengl/StateTracker$VAOState done
Event: 0.674 loading class org/lwjgl/opengl/GL15
Event: 0.674 loading class org/lwjgl/opengl/GL15 done
Event: 0.676 loading class org/lwjgl/opengl/GL20
Event: 0.676 loading class org/lwjgl/opengl/GL20 done
Event: 0.679 loading class org/lwjgl/opengl/GLChecks
Event: 0.679 loading class org/lwjgl/opengl/GLChecks done
Event: 0.679 loading class engine/renerer/RawModel
Event: 0.679 loading class engine/renerer/RawModel done


Dynamic libraries:
0x008a0000 - 0x008d3000 	C:\Program Files (x86)\Java\jdk1.8.0_191\bin\java.exe
0x77790000 - 0x7792a000 	C:\WINDOWS\SYSTEM32\ntdll.dll
0x77460000 - 0x77540000 	C:\WINDOWS\System32\KERNEL32.DLL
0x77540000 - 0x7773c000 	C:\WINDOWS\System32\KERNELBASE.dll
0x6bd90000 - 0x6be2f000 	C:\WINDOWS\SYSTEM32\apphelp.dll
0x76b20000 - 0x76b99000 	C:\WINDOWS\System32\ADVAPI32.dll
0x752f0000 - 0x753af000 	C:\WINDOWS\System32\msvcrt.dll
0x76aa0000 - 0x76b16000 	C:\WINDOWS\System32\sechost.dll
0x76730000 - 0x767eb000 	C:\WINDOWS\System32\RPCRT4.dll
0x74f60000 - 0x74f80000 	C:\WINDOWS\System32\SspiCli.dll
0x74f50000 - 0x74f5a000 	C:\WINDOWS\System32\CRYPTBASE.dll
0x75070000 - 0x750cf000 	C:\WINDOWS\System32\bcryptPrimitives.dll
0x767f0000 - 0x76985000 	C:\WINDOWS\System32\USER32.dll
0x75200000 - 0x75217000 	C:\WINDOWS\System32\win32u.dll
0x751d0000 - 0x751f1000 	C:\WINDOWS\System32\GDI32.dll
0x77280000 - 0x773da000 	C:\WINDOWS\System32\gdi32full.dll
0x773e0000 - 0x7745c000 	C:\WINDOWS\System32\msvcp_win.dll
0x77140000 - 0x7725f000 	C:\WINDOWS\System32\ucrtbase.dll
0x68730000 - 0x6893f000 	C:\WINDOWS\WinSxS\x86_microsoft.windows.common-controls_6595b64144ccf1df_6.0.18362.295_none_2e70e394278c3b98\COMCTL32.dll
0x76d10000 - 0x76f86000 	C:\WINDOWS\System32\combase.dll
0x766e0000 - 0x76705000 	C:\WINDOWS\System32\IMM32.DLL
0x566c0000 - 0x5677f000 	C:\Program Files (x86)\Java\jdk1.8.0_191\jre\bin\msvcr100.dll
0x53010000 - 0x533e3000 	C:\Program Files (x86)\Java\jdk1.8.0_191\jre\bin\client\jvm.dll
0x754f0000 - 0x754f6000 	C:\WINDOWS\System32\PSAPI.DLL
0x723b0000 - 0x723d4000 	C:\WINDOWS\SYSTEM32\WINMM.dll
0x6de60000 - 0x6de68000 	C:\WINDOWS\SYSTEM32\WSOCK32.dll
0x74f80000 - 0x74fde000 	C:\WINDOWS\System32\WS2_32.dll
0x74f40000 - 0x74f48000 	C:\WINDOWS\SYSTEM32\VERSION.dll
0x71350000 - 0x71373000 	C:\WINDOWS\SYSTEM32\WINMMBASE.dll
0x77740000 - 0x7777b000 	C:\WINDOWS\System32\cfgmgr32.dll
0x5c830000 - 0x5c83c000 	C:\Program Files (x86)\Java\jdk1.8.0_191\jre\bin\verify.dll
0x59560000 - 0x59582000 	C:\Program Files (x86)\Java\jdk1.8.0_191\jre\bin\java.dll
0x5cd30000 - 0x5cd50000 	C:\Program Files (x86)\Java\jdk1.8.0_191\jre\bin\instrument.dll
0x5b680000 - 0x5b694000 	C:\Program Files (x86)\Java\jdk1.8.0_191\jre\bin\zip.dll
0x75b50000 - 0x760c5000 	C:\WINDOWS\System32\SHELL32.dll
0x753b0000 - 0x75434000 	C:\WINDOWS\System32\shcore.dll
0x75580000 - 0x75b42000 	C:\WINDOWS\System32\windows.storage.dll
0x754d0000 - 0x754e7000 	C:\WINDOWS\System32\profapi.dll
0x75220000 - 0x75263000 	C:\WINDOWS\System32\powrprof.dll
0x76280000 - 0x7628d000 	C:\WINDOWS\System32\UMPDC.dll
0x75450000 - 0x75494000 	C:\WINDOWS\System32\shlwapi.dll
0x754c0000 - 0x754cf000 	C:\WINDOWS\System32\kernel.appcore.dll
0x75270000 - 0x75283000 	C:\WINDOWS\System32\cryptsp.dll
0x59410000 - 0x59426000 	C:\Program Files\JetBrains\IntelliJ IDEA 2019.2.2\bin\breakgen.dll
0x59d10000 - 0x59d25000 	C:\Program Files (x86)\Java\jdk1.8.0_191\jre\bin\net.dll
0x6e3b0000 - 0x6e402000 	C:\WINDOWS\system32\mswsock.dll
0x16010000 - 0x1605d000 	D:\projects\java\BeastHeart\lib\natives\lwjgl.dll
0x6c1c0000 - 0x6c2b9000 	C:\WINDOWS\SYSTEM32\OPENGL32.dll
0x6c180000 - 0x6c1bf000 	C:\WINDOWS\SYSTEM32\GLU32.dll
0x6c160000 - 0x6c179000 	C:\WINDOWS\SYSTEM32\dxcore.dll
0x6ba90000 - 0x6bb24000 	C:\WINDOWS\SYSTEM32\mscms.dll
0x74ef0000 - 0x74f0e000 	C:\WINDOWS\SYSTEM32\USERENV.dll
0x74e40000 - 0x74e51000 	C:\WINDOWS\SYSTEM32\ColorAdapterClient.dll
0x75130000 - 0x751c2000 	C:\WINDOWS\System32\OLEAUT32.dll
0x71280000 - 0x712fa000 	C:\WINDOWS\system32\uxtheme.dll
0x76990000 - 0x76a93000 	C:\WINDOWS\System32\MSCTF.dll
0x797c0000 - 0x7b3db000 	C:\WINDOWS\System32\DriverStore\FileRepository\nv_dispi.inf_amd64_ff72214788d99390\nvoglv32.dll
0x76290000 - 0x766d9000 	C:\WINDOWS\System32\SETUPAPI.dll
0x754a0000 - 0x754b9000 	C:\WINDOWS\System32\bcrypt.dll
0x77040000 - 0x77137000 	C:\WINDOWS\System32\ole32.dll
0x74f10000 - 0x74f1f000 	C:\WINDOWS\SYSTEM32\WTSAPI32.dll
0x70ac0000 - 0x70ae3000 	C:\WINDOWS\SYSTEM32\DEVOBJ.dll
0x760d0000 - 0x76116000 	C:\WINDOWS\System32\WINTRUST.dll
0x77270000 - 0x7727e000 	C:\WINDOWS\System32\MSASN1.dll
0x76180000 - 0x7627b000 	C:\WINDOWS\System32\CRYPT32.dll
0x71320000 - 0x71349000 	C:\WINDOWS\SYSTEM32\ntmarta.dll
0x71250000 - 0x71275000 	C:\WINDOWS\SYSTEM32\dwmapi.dll
0x523a0000 - 0x525c1000 	C:\WINDOWS\system32\nvspcap.dll
0x5e010000 - 0x5e094000 	C:\WINDOWS\System32\TextInputFramework.dll
0x69020000 - 0x6927e000 	C:\WINDOWS\System32\CoreUIComponents.dll
0x69280000 - 0x69309000 	C:\WINDOWS\System32\CoreMessaging.dll
0x6bc20000 - 0x6bcfa000 	C:\WINDOWS\SYSTEM32\wintypes.dll
0x6f110000 - 0x6f339000 	C:\WINDOWS\System32\iertutil.dll
0x58260000 - 0x5829e000 	C:\WINDOWS\SYSTEM32\icm32.dll
0x6e2c0000 - 0x6e309000 	C:\WINDOWS\SYSTEM32\WINSTA.dll
0x6a710000 - 0x6a89f000 	C:\WINDOWS\SYSTEM32\dbghelp.dll

VM Arguments:
jvm_args: -Djava.library.path=D:\projects\java\BeastHeart\lib\natives -javaagent:C:\Program Files\JetBrains\IntelliJ IDEA 2019.2.2\lib\idea_rt.jar=56518:C:\Program Files\JetBrains\IntelliJ IDEA 2019.2.2\bin -Dfile.encoding=UTF-8 -Djava.net.preferIPv4Stack=true 
java_command: demo.MainGameLoop
java_class_path (initial): C:\Program Files (x86)\Java\jdk1.8.0_191\jre\lib\charsets.jar;C:\Program Files (x86)\Java\jdk1.8.0_191\jre\lib\deploy.jar;C:\Program Files (x86)\Java\jdk1.8.0_191\jre\lib\ext\access-bridge-32.jar;C:\Program Files (x86)\Java\jdk1.8.0_191\jre\lib\ext\cldrdata.jar;C:\Program Files (x86)\Java\jdk1.8.0_191\jre\lib\ext\dnsns.jar;C:\Program Files (x86)\Java\jdk1.8.0_191\jre\lib\ext\jaccess.jar;C:\Program Files (x86)\Java\jdk1.8.0_191\jre\lib\ext\jfxrt.jar;C:\Program Files (x86)\Java\jdk1.8.0_191\jre\lib\ext\localedata.jar;C:\Program Files (x86)\Java\jdk1.8.0_191\jre\lib\ext\nashorn.jar;C:\Program Files (x86)\Java\jdk1.8.0_191\jre\lib\ext\sunec.jar;C:\Program Files (x86)\Java\jdk1.8.0_191\jre\lib\ext\sunjce_provider.jar;C:\Program Files (x86)\Java\jdk1.8.0_191\jre\lib\ext\sunmscapi.jar;C:\Program Files (x86)\Java\jdk1.8.0_191\jre\lib\ext\sunpkcs11.jar;C:\Program Files (x86)\Java\jdk1.8.0_191\jre\lib\ext\zipfs.jar;C:\Program Files (x86)\Java\jdk1.8.0_191\jre\lib\javaws.jar;C:\Program Files (x86)\Java\jdk1.8.0_191\jre\lib\jce.jar;C:\Program Files (x86)\Java\jdk1.8.0_191\jre\lib\jfr.jar;C:\Program Files (x86)\Java\jdk1.8.0_191\jre\lib\jfxswt.jar;C:\Program Files (x86)\Java\jdk1.8.0_191\jre\lib\jsse.jar;C:\Program Files (x86)\Java\jdk1.8.0_191\jre\lib\management-agent.jar;C:\Program Files (x86)\Java\jdk1.8.0_191\jre\lib\plugin.jar;C:\Program Files (x86)\Java\jdk1.8.0_191\jre\lib\resources.jar;C:\Program Files (x86)\Java\jdk1.8.0_191\jre\lib\rt.jar;D:\projects\java\BeastHeart\out\production\BeastHeart;D:\projects\java\BeastHeart\lib\jars\lwjgl.jar;D:\projects\java\BeastHeart\lib\jars\lwjgl_util.jar;D:\projects\java\BeastHeart\lib\jars\slick-util.jar;C:\Program Files\JetBrains\IntelliJ IDEA 2019.2.2\lib\idea_rt.jar
Launcher Type: SUN_STANDARD

Environment Variables:
_JAVA_OPTIONS=-Djava.net.preferIPv4Stack=true
PATH=C:\Program Files (x86)\Google\Chrome\Application;C:\Program Files\NVIDIA GPU Computing Toolkit\CUDA\v10.1\bin;C:\Program Files\NVIDIA GPU Computing Toolkit\CUDA\v10.1\libnvvp;C:\Program Files (x86)\Razer Chroma SDK\bin;C:\Program Files\Razer Chroma SDK\bin;C:\Program Files (x86)\Common Files\Oracle\Java\javapath;C:\WINDOWS\system32;C:\WINDOWS;C:\WINDOWS\System32\Wbem;C:\WINDOWS\System32\WindowsPowerShell\v1.0\;C:\WINDOWS\System32\OpenSSH\;C:\Program Files\Git\cmd;C:\Program Files\dotnet\;C:\Users\DoshaPc\AppData\Local\Android\Sdk\platform-tools;C:\Program Files\MySQL\MySQL Server 5.5\bin;C:\PostgreSQL\pg11\bin;C:\WINDOWS\system32\config\systemprofile\AppData\Local\Microsoft\WindowsApps;C:\Program Files (x86)\NVIDIA Corporation\PhysX\Common;C:\Program Files\NVIDIA Corporation\NVIDIA NvDLISR;C:\ProgramData\chocolatey\bin;C:\Program Files\NVIDIA Corporation\Nsight Compute 2019.1\;C:\Go\bin;C:\Program Files\nodejs\;%SystemRoot%\system32;%SystemRoot%;%SystemRoot%\System32\Wbem;%SYSTEMROOT%\System32\WindowsPowerShell\v1.0\;%SYSTEMROOT%\System32\OpenSSH\;C:\Users\DoshaPc\.cargo\bin;C:\Users\DoshaPc\AppData\Local\Programs\Python\Python36\Scripts\;C:\Users\DoshaPc\AppData\Local\Programs\Python\Python36;C:\Users\DoshaPc\AppData\Local\flutter\bin;C:\Users\DoshaPc\AppData\Roaming\Pub\Cache\bin;C:\Users\DoshaPc\AppData\Local\flutter\bin\cache\dart-sdk\bin;C:\Python27;C:\Python27\Scripts;C:\Users\DoshaPc\AppData\Local\Microsoft\WindowsApps;C:\Users\DoshaPc\.improbable\spatial;D:\jetbrains\WebStorm 2018.3.1\bin;;C:\Users\DoshaPc\AppData\Local\Programs\Microsoft VS Code\bin;C:\Program Files\JetBrains\PyCharm 2019.1.2\bin;;C:\Users\DoshaPc\go\bin;;C:\Users\DoshaPc\AppData\Local\hyper\app-3.0.2\resources\bin;C:\Program Files\heroku\bin;C:\Users\DoshaPc\AppData\Roaming\npm
USERNAME=DoshaPc
OS=Windows_NT
PROCESSOR_IDENTIFIER=Intel64 Family 6 Model 60 Stepping 3, GenuineIntel



---------------  S Y S T E M  ---------------

OS: Windows 10.0 , 64 bit Build 18362 (10.0.18362.86)

CPU:total 4 (initial active 4) (4 cores per cpu, 1 threads per core) family 6 model 60 stepping 3, cmov, cx8, fxsr, mmx, sse, sse2, sse3, ssse3, sse4.1, sse4.2, popcnt, avx, avx2, aes, clmul, erms, lzcnt, tsc, tscinvbit, bmi1, bmi2

Memory: 4k page, physical 16718464k(4501676k free), swap 34544256k(7022612k free)

vm_info: Java HotSpot(TM) Client VM (25.191-b12) for windows-x86 JRE (1.8.0_191-b12), built on Oct  6 2018 08:34:23 by "java_re" with MS VC++ 10.0 (VS2010)

time: Tue Sep 10 21:02:54 2019
elapsed time: 0 seconds (0d 0h 0m 0s)

